[ERROR] [2020/07/31 10:06:40] Socket creation failed because of IO exception.
Socket creation failed because of IO exception.
java.io.IOException: Socket creation failed because of IO exception.
	at splitwise.client.SplitWiseClientApplication.createSocketConnection(SplitWiseClientApplication.java:51)
	at splitwise.client.SplitWiseClientApplication.<init>(SplitWiseClientApplication.java:39)
	at splitwise.client.SplitWiseClientApplication.main(SplitWiseClientApplication.java:30)
Caused by: java.net.ConnectException: Connection refused: connect
	at java.base/sun.nio.ch.Net.connect0(Native Method)
	at java.base/sun.nio.ch.Net.connect(Net.java:503)
	at java.base/sun.nio.ch.Net.connect(Net.java:492)
	at java.base/sun.nio.ch.NioSocketImpl.connect(NioSocketImpl.java:588)
	at java.base/java.net.SocksSocketImpl.connect(SocksSocketImpl.java:333)
	at java.base/java.net.Socket.connect(Socket.java:648)
	at java.base/java.net.Socket.connect(Socket.java:597)
	at java.base/java.net.Socket.<init>(Socket.java:520)
	at java.base/java.net.Socket.<init>(Socket.java:294)
	at splitwise.client.SplitWiseClientApplication.createSocketConnection(SplitWiseClientApplication.java:48)
	... 2 more

[ERROR] [2020/08/02 22:45:02] Socket creation failed because of IO exception.
Socket creation failed because of IO exception.
java.io.IOException: Socket creation failed because of IO exception.
	at splitwise.client.SplitWiseClientApplication.createSocketConnection(SplitWiseClientApplication.java:51)
	at splitwise.client.SplitWiseClientApplication.<init>(SplitWiseClientApplication.java:39)
	at splitwise.client.SplitWiseClientApplication.main(SplitWiseClientApplication.java:30)
Caused by: java.net.ConnectException: Connection refused: connect
	at java.base/sun.nio.ch.Net.connect0(Native Method)
	at java.base/sun.nio.ch.Net.connect(Net.java:503)
	at java.base/sun.nio.ch.Net.connect(Net.java:492)
	at java.base/sun.nio.ch.NioSocketImpl.connect(NioSocketImpl.java:588)
	at java.base/java.net.SocksSocketImpl.connect(SocksSocketImpl.java:333)
	at java.base/java.net.Socket.connect(Socket.java:648)
	at java.base/java.net.Socket.connect(Socket.java:597)
	at java.base/java.net.Socket.<init>(Socket.java:520)
	at java.base/java.net.Socket.<init>(Socket.java:294)
	at splitwise.client.SplitWiseClientApplication.createSocketConnection(SplitWiseClientApplication.java:48)
	... 2 more

